<?xml version="1.0" encoding="UTF-8"?>
<testng-results ignored="0" total="1" passed="1" failed="0" skipped="0">
  <reporter-output>
  </reporter-output>
  <suite started-at="2023-08-16T15:56:29 EDT" name="Surefire suite" finished-at="2023-08-16T15:56:43 EDT" duration-ms="13936">
    <groups>
      <group name="cucumber">
        <method signature="AbstractTestNGCucumberTests.runScenario(io.cucumber.testng.PickleWrapper,io.cucumber.testng.FeatureWrapper)[pri:0, instance:heal.com.runner.Heal_Runner$RunCucumberTest@7bd4937b]" name="runScenario" class="io.cucumber.testng.AbstractTestNGCucumberTests"/>
      </group> <!-- cucumber -->
    </groups>
    <test started-at="2023-08-16T15:56:29 EDT" name="Surefire test" finished-at="2023-08-16T15:56:43 EDT" duration-ms="13936">
      <class name="heal.com.runner.Heal_Runner$RunCucumberTest">
        <test-method is-config="true" signature="setUpClass(org.testng.ITestContext)[pri:0, instance:heal.com.runner.Heal_Runner$RunCucumberTest@7bd4937b]" started-at="2023-08-16T15:56:29 EDT" name="setUpClass" finished-at="2023-08-16T15:56:30 EDT" duration-ms="1144" status="PASS">
          <params>
            <param index="0">
              <value>
                <![CDATA[org.testng.TestRunner@6d6bff89]]>
              </value>
            </param>
          </params>
          <reporter-output>
          </reporter-output>
        </test-method> <!-- setUpClass -->
        <test-method signature="runScenario(io.cucumber.testng.PickleWrapper,io.cucumber.testng.FeatureWrapper)[pri:0, instance:heal.com.runner.Heal_Runner$RunCucumberTest@7bd4937b]" started-at="2023-08-16T15:56:30 EDT" name="runScenario" description="Runs Cucumber Scenarios" data-provider="scenarios" finished-at="2023-08-16T15:56:42 EDT" duration-ms="12431" status="PASS">
          <params>
            <param index="0">
              <value>
                <![CDATA["Verify User Login with Valid Credentials"]]>
              </value>
            </param>
            <param index="1">
              <value>
                <![CDATA["Heal Log IN Feature"]]>
              </value>
            </param>
          </params>
          <reporter-output>
          </reporter-output>
        </test-method> <!-- runScenario -->
        <test-method is-config="true" signature="tearDownClass()[pri:0, instance:heal.com.runner.Heal_Runner$RunCucumberTest@7bd4937b]" started-at="2023-08-16T15:56:42 EDT" name="tearDownClass" finished-at="2023-08-16T15:56:43 EDT" duration-ms="260" status="PASS">
          <reporter-output>
          </reporter-output>
        </test-method> <!-- tearDownClass -->
      </class> <!-- heal.com.runner.Heal_Runner$RunCucumberTest -->
    </test> <!-- Surefire test -->
  </suite> <!-- Surefire suite -->
</testng-results>
